<?xml version="1.0" encoding="UTF-8"?>
<!-- Generated by org.testng.reporters.JUnitReportReporter -->
<testsuite hostname="L76003" failures="0" tests="1" name="pk.test.BaseAPITest" time="2.169" errors="0" timestamp="2022-01-22T17:53:10 IST" skipped="0">
  <testcase classname="pk.test.BaseAPITest" name="T01_getDefaultCountries" time="2.169"/>
  <system-out/>
</testsuite> <!-- pk.test.BaseAPITest -->
