<?xml version="1.0" encoding="UTF-8"?>
<!-- Generated by org.testng.reporters.JUnitReportReporter -->
<testsuite hostname="L76003" failures="0" tests="3" name="pk.test.Countries" time="5.817" errors="0" timestamp="2022-01-22T18:05:59 IST" skipped="0">
  <testcase classname="pk.test.Countries" name="T03_listallcountries" time="2.311"/>
  <system-out/>
  <testcase classname="pk.test.Countries" name="T01_getDefaultCountries" time="2.459"/>
  <system-out/>
  <testcase classname="pk.test.Countries" name="T02_retrieveacountry" time="1.047"/>
  <system-out/>
</testsuite> <!-- pk.test.Countries -->
